d:\ai_dev\develop_bim\aidesign\(outdir)(outdir)(targetname).pdb
d:\ai_dev\develop_bim\aidesign\x64\debug\metisregionmatcher.obj
d:\ai_dev\develop_bim\aidesign\x64\debug\metisregionfeature.obj
d:\ai_dev\develop_bim\aidesign\x64\debug\metisfeaturemaker.obj
d:\ai_dev\develop_bim\aidesign\x64\debug\box2d.obj
d:\ai_dev\develop_bim\aidesign\x64\debug\airpillarbasej.obj
d:\ai_dev\develop_bim\aidesign\x64\debug\baseregion.obj
d:\ai_dev\develop_bim\aidesign\x64\debug\baseobject.obj
d:\ai_dev\develop_bim\aidesign\x64\debug\basebox.obj
d:\ai_dev\develop_bim\aidesign\x64\debug\tokenstream.obj
d:\ai_dev\develop_bim\aidesign\x64\debug\token.obj
d:\ai_dev\develop_bim\aidesign\x64\debug\toiletautomaticldesign.obj
d:\ai_dev\develop_bim\aidesign\x64\debug\movelinesestimator.obj
d:\ai_dev\develop_bim\aidesign\x64\debug\metisregionresolver.obj
d:\ai_dev\develop_bim\aidesign\x64\debug\metisnode.obj
d:\ai_dev\develop_bim\aidesign\x64\debug\metisgeomancy.obj
d:\ai_dev\develop_bim\aidesign\x64\debug\metisformulacontainer.obj
d:\ai_dev\develop_bim\aidesign\x64\debug\metisdynamiclayout.obj
d:\ai_dev\develop_bim\aidesign\x64\debug\metiscompletefeature.obj
d:\ai_dev\develop_bim\aidesign\x64\debug\kitchenautomaticaldesign.obj
d:\ai_dev\develop_bim\aidesign\x64\debug\aicase.obj
d:\ai_dev\develop_bim\aidesign\x64\debug\line.obj
d:\ai_dev\develop_bim\aidesign\x64\debug\metisthread.obj
d:\ai_dev\develop_bim\aidesign\x64\debug\metisjob.obj
d:\ai_dev\develop_bim\aidesign\x64\debug\metishttpserver.obj
d:\ai_dev\develop_bim\aidesign\x64\debug\metishttprelpy.obj
d:\ai_dev\develop_bim\aidesign\x64\debug\httpcommon.obj
d:\ai_dev\develop_bim\aidesign\x64\debug\houselayout.obj
d:\ai_dev\develop_bim\aidesign\x64\debug\floorregion.obj
d:\ai_dev\develop_bim\aidesign\x64\debug\floorbox.obj
d:\ai_dev\develop_bim\aidesign\x64\debug\door.obj
d:\ai_dev\develop_bim\aidesign\x64\debug\design.obj
d:\ai_dev\develop_bim\aidesign\x64\debug\datatool.obj
d:\ai_dev\develop_bim\aidesign\x64\debug\databasehelper.obj
d:\ai_dev\develop_bim\aidesign\x64\debug\corner.obj
d:\ai_dev\develop_bim\aidesign\x64\debug\comutil.obj
d:\ai_dev\develop_bim\aidesign\x64\debug\componentobject.obj
d:\ai_dev\develop_bim\aidesign\x64\debug\commath.obj
d:\ai_dev\develop_bim\aidesign\x64\debug\combinedgenerationj.obj
d:\ai_dev\develop_bim\aidesign\x64\debug\combinedgeneration.obj
d:\ai_dev\develop_bim\aidesign\x64\debug\ceilingregion.obj
d:\ai_dev\develop_bim\aidesign\x64\debug\wallregion.obj
d:\ai_dev\develop_bim\aidesign\x64\debug\wallbox.obj
d:\ai_dev\develop_bim\aidesign\x64\debug\wall.obj
d:\ai_dev\develop_bim\aidesign\x64\debug\testdata.obj
d:\ai_dev\develop_bim\aidesign\x64\debug\test.obj
d:\ai_dev\develop_bim\aidesign\x64\debug\singlecase.obj
d:\ai_dev\develop_bim\aidesign\x64\debug\roomregion.obj
d:\ai_dev\develop_bim\aidesign\x64\debug\room.obj
d:\ai_dev\develop_bim\aidesign\x64\debug\winlaunch.obj
d:\ai_dev\develop_bim\aidesign\x64\debug\renderproxy.obj
d:\ai_dev\develop_bim\aidesign\x64\debug\d3d11hri.obj
d:\ai_dev\develop_bim\aidesign\x64\debug\coretype.obj
d:\ai_dev\develop_bim\aidesign\x64\debug\point3f.obj
d:\ai_dev\develop_bim\aidesign\x64\debug\point2f.obj
d:\ai_dev\develop_bim\aidesign\x64\debug\packpipej.obj
d:\ai_dev\develop_bim\aidesign\x64\debug\opening.obj
d:\ai_dev\develop_bim\aidesign\x64\debug\model.obj
d:\ai_dev\develop_bim\aidesign\x64\debug\mainservice.obj
d:\ai_dev\develop_bim\aidesign\x64\debug\easylogging++.obj
d:\ai_dev\develop_bim\aidesign\x64\debug\dump.obj
d:\ai_dev\develop_bim\aidesign\x64\debug\window.obj
d:\ai_dev\develop_bim\x64\debug\aidesign.ilk
d:\ai_dev\develop_bim\x64\debug\aidesign.exe
d:\ai_dev\develop_bim\x64\debug\aidesign.pdb
d:\ai_dev\develop_bim\aidesign\x64\debug\aidesign.tlog\cl.command.1.tlog
d:\ai_dev\develop_bim\aidesign\x64\debug\aidesign.tlog\cl.read.1.tlog
d:\ai_dev\develop_bim\aidesign\x64\debug\aidesign.tlog\cl.write.1.tlog
d:\ai_dev\develop_bim\aidesign\x64\debug\aidesign.tlog\link.command.1.tlog
d:\ai_dev\develop_bim\aidesign\x64\debug\aidesign.tlog\link.read.1.tlog
d:\ai_dev\develop_bim\aidesign\x64\debug\aidesign.tlog\link.write.1.tlog
